Logfile for fslregister
Tue Jan 12 08:47:28 CST 2021
--s pnc_template --mov data/template/pnc_template_brain.nii.gz --reg data/transform/identity.dat
FreeSurferEnv.csh 7.1.1
VirgilisMacBook.attlocal.net
Darwin VirgilisMacBook.attlocal.net 18.7.0 Darwin Kernel Version 18.7.0: Tue Aug 20 16:57:14 PDT 2019; root:xnu-4903.271.2~2/RELEASE_X86_64 x86_64
nIters 1
--------------------------------------
/Users/vgonzenb/PennSIVE/ISLA
mri_convert /Applications/freesurfer/7.1.1/subjects/pnc_template/mri/brainmask.mgz data/template/tmp.fslregister.4998/refvol.fslregister.nii
mri_convert /Applications/freesurfer/7.1.1/subjects/pnc_template/mri/brainmask.mgz data/template/tmp.fslregister.4998/refvol.fslregister.nii 
reading from /Applications/freesurfer/7.1.1/subjects/pnc_template/mri/brainmask.mgz...
TR=0.00, TE=0.00, TI=0.00, flip angle=0.00
i_ras = (-1, 0, 0)
j_ras = (0, 0, -1)
k_ras = (0, 1, 0)
writing to data/template/tmp.fslregister.4998/refvol.fslregister.nii...
--------------------------------------
/Users/vgonzenb/PennSIVE/ISLA
mri_convert data/template/pnc_template_brain.nii.gz data/template/tmp.fslregister.4998/movvol.fslregister.nii --frame 0
mri_convert data/template/pnc_template_brain.nii.gz data/template/tmp.fslregister.4998/movvol.fslregister.nii --frame 0 
reading from data/template/pnc_template_brain.nii.gz...
TR=0.00, TE=0.00, TI=0.00, flip angle=0.00
i_ras = (-1, -0, 0)
j_ras = (-0, 1, 0)
k_ras = (0, -0, 1)
keeping frame 0
writing to data/template/tmp.fslregister.4998/movvol.fslregister.nii...
Mov determinant is -0.878906
/Users/vgonzenb/PennSIVE/ISLA
tkregister2_cmdl --mov data/template/tmp.fslregister.4998/movvol.fslregister.nii --reg data/template/tmp.fslregister.4998/reg0.4998.dat --regheader --fslregout data/transform/identity.dat.fsl.mat0 --s pnc_template --noedit
INFO: no target volume specified, assuming FreeSurfer orig volume.
target  volume orig
movable volume data/template/tmp.fslregister.4998/movvol.fslregister.nii
reg file       data/template/tmp.fslregister.4998/reg0.4998.dat
LoadVol        0
ZeroCRAS       0
7.1.1
Diagnostic Level -1
INFO: loading target /Applications/freesurfer/7.1.1/subjects/pnc_template/mri/orig.mgz
Ttarg: --------------------
-1.00000   0.00000   0.00000   128.00000;
 0.00000   0.00000   1.00000  -128.00000;
 0.00000  -1.00000   0.00000   128.00000;
 0.00000   0.00000   0.00000   1.00000;
INFO: loading movable data/template/tmp.fslregister.4998/movvol.fslregister.nii
Tmov: --------------------
-0.93750   0.00000   0.00000   94.68750;
 0.00000   0.00000   1.00000  -85.00000;
 0.00000  -0.93750   0.00000   124.68750;
 0.00000   0.00000   0.00000   1.00000;
mkheaderreg = 1, float2int = 0
Computing reg from header (and possibly input matrix)
---- Input registration matrix (computed) --------
 1.00000   0.00000   0.00000  -0.00002;
 0.00000   0.00000   1.00000   0.00000;
 0.00000  -1.00000   0.00000  -0.00002;
 0.00000   0.00000   0.00000   1.00000;
---------------------------------------
---- Input registration matrix --------
 1.00000   0.00000   0.00000  -0.00002;
 0.00000   0.00000   1.00000   0.00000;
 0.00000  -1.00000   0.00000  -0.00002;
 0.00000   0.00000   0.00000   1.00000;
Determinant 1
subject = pnc_template
RegMat ---------------------------
 1.00000   0.00000   0.00000  -0.00002;
 0.00000   0.00000   1.00000   0.00000;
 0.00000  -1.00000   0.00000  -0.00002;
 0.00000   0.00000   0.00000   1.00000;
FSLOUTPUTTYPE NIFTI 
tkreg2FSL: mov det = -0.878906, ref det = -1
Tue Jan 12 08:47:31 CST 2021
/Users/vgonzenb/PennSIVE/ISLA
flirt.fsl -ref data/template/tmp.fslregister.4998/refvol.fslregister.nii -in data/template/tmp.fslregister.4998/movvol.fslregister.nii -bins 256 -cost corratio -dof 6 -searchrx -90 90 -searchry -90 90 -searchrz -90 90 -verbose 0 -omat data/template/tmp.fslregister.4998/fslmat0.trans.mat -schedule /Applications/freesurfer/7.1.1/bin/fsl.5.0.2.xyztrans.sch -init data/transform/identity.dat.fsl.mat0
Tue Jan 12 08:48:21 CST 2021
/Users/vgonzenb/PennSIVE/ISLA
flirt.fsl -ref data/template/tmp.fslregister.4998/refvol.fslregister.nii -in data/template/tmp.fslregister.4998/movvol.fslregister.nii -bins 256 -cost corratio -dof 6 -searchrx -90 90 -searchry -90 90 -searchrz -90 90 -verbose 0 -omat data/transform/identity.dat.fsl.mat -init data/template/tmp.fslregister.4998/fslmat0.trans.mat -schedule /Applications/freesurfer/7.1.1/bin/flirt.newdefault.20080811.sch
tkregister2_cmdl --s pnc_template --mov data/template/pnc_template_brain.nii.gz --reg data/transform/identity.dat --fslreg data/transform/identity.dat.fsl.mat --noedit
---- FSL registration matrix --------
 1.00000   0.00000   0.00000   33.31248;
 0.00000  -0.00131  -1.00000   213.36259;
 0.00000   1.00000  -0.00131   3.35201;
 0.00000   0.00000   0.00000   1.00000;
---------------------------------------
INFO: no target volume specified, assuming FreeSurfer orig volume.
target  volume orig
movable volume data/template/pnc_template_brain.nii.gz
reg file       data/transform/identity.dat
LoadVol        0
ZeroCRAS       0
7.1.1
Diagnostic Level -1
INFO: loading target /Applications/freesurfer/7.1.1/subjects/pnc_template/mri/orig.mgz
Ttarg: --------------------
-1.00000   0.00000   0.00000   128.00000;
 0.00000   0.00000   1.00000  -128.00000;
 0.00000  -1.00000   0.00000   128.00000;
 0.00000   0.00000   0.00000   1.00000;
INFO: loading movable data/template/pnc_template_brain.nii.gz
Tmov: --------------------
-0.93750   0.00000   0.00000   94.68750;
 0.00000   0.00000   1.00000  -85.00000;
 0.00000  -0.93750   0.00000   124.68750;
 0.00000   0.00000   0.00000   1.00000;
mkheaderreg = 0, float2int = 0
FSLOUTPUTTYPE NIFTI 
fsl2TkReg: mov det = -0.878906, ref det = -1
---- Input registration matrix (computed) --------
 1.00000   0.00000   0.00000  -0.00002;
 0.00000  -0.00131   1.00000   0.19931;
 0.00000  -1.00000  -0.00131  -0.07217;
 0.00000   0.00000   0.00000   1.00000;
---------------------------------------
---- Input registration matrix --------
 1.00000   0.00000   0.00000  -0.00002;
 0.00000  -0.00131   1.00000   0.19931;
 0.00000  -1.00000  -0.00131  -0.07217;
 0.00000   0.00000   0.00000   1.00000;
Determinant 1
subject = pnc_template
RegMat ---------------------------
 1.00000   0.00000   0.00000  -0.00002;
 0.00000  -0.00131   1.00000   0.19931;
 0.00000  -1.00000  -0.00131  -0.07217;
 0.00000   0.00000   0.00000   1.00000;
Cleaning up
 
Started at Tue Jan 12 08:47:28 CST 2021 
Ended   at Tue Jan 12 08:49:26 CST 2021
 
fslregister Done
